<?xml version="1.0" encoding="UTF-8"?>
<testsuite xmlns:xsi="http://www.w3.org/2001/XMLSchema-instance" xsi:noNamespaceSchemaLocation="https://maven.apache.org/surefire/maven-surefire-plugin/xsd/surefire-test-report-3.0.xsd" version="3.0" name="TestSuite" time="14.937" tests="1" errors="0" skipped="0" failures="1">
  <properties>
[...]
</properties>
  <testcase name="runScenario[&quot;Verify the input box fields are editable and can accept valid values.&quot;, &quot;As a user I should be able to add my work experience.&quot;](1)" classname="com.ita.Runner.TestNGRunner" time="9.068">
    <failure message="expected [true] but found [false]" type="java.lang.AssertionError"><![CDATA[java.lang.AssertionError: expected [true] but found [false]
	at org.testng.Assert.fail(Assert.java:110)
	at org.testng.Assert.failNotEquals(Assert.java:1577)
	at org.testng.Assert.assertTrue(Assert.java:56)
	at org.testng.Assert.assertTrue(Assert.java:66)
	at com.ita.stepDefinitions.ViewCvs.theUserNavigatesToTheWorkExperienceTab(ViewCvs.java:52)
	at ✽.the user navigates to the Work Experience tab(file:///D:/Training/Batch2_Oct_2022/12032003/October2022Batch/src/test/java/com/ita/features/ViewCVs.feature:5)
]]></failure>
    <system-out><![CDATA[browser type from command prompt ******** : null

the user launched the viewcv url
Welcome to Viewcvs.co.uk
the_user_logged_into_Jobseekers_account_with_valid_credentials...
theUserNavigatesToTheWorkExperienceTab..
Closing browser in tearDown
]]></system-out>
    <system-err><![CDATA[SLF4J: Failed to load class "org.slf4j.impl.StaticLoggerBinder".
SLF4J: Defaulting to no-operation (NOP) logger implementation
SLF4J: See http://www.slf4j.org/codes.html#StaticLoggerBinder for further details.
Starting ChromeDriver 111.0.5563.64 (c710e93d5b63b7095afe8c2c17df34408078439d-refs/branch-heads/5563@{#995}) on port 3600
Only local connections are allowed.
Please see https://chromedriver.chromium.org/security-considerations for suggestions on keeping ChromeDriver safe.
ChromeDriver was started successfully.
Apr 18, 2023 10:07:30 PM org.openqa.selenium.devtools.CdpVersionFinder findNearestMatch
WARNING: Unable to find an exact match for CDP version 111, so returning the closest version found: 110
]]></system-err>
  </testcase>
</testsuite>