<?xml version="1.0" encoding="UTF-8"?>
<testsuite xmlns:xsi="http://www.w3.org/2001/XMLSchema-instance" xsi:noNamespaceSchemaLocation="https://maven.apache.org/surefire/maven-surefire-plugin/xsd/surefire-test-report-3.0.xsd" version="3.0" name="TestSuite" time="18.094" tests="3" errors="0" skipped="0" failures="0">
  <properties>
[...]
</properties>
  <testcase name="profile" classname="Jobseekers.JobseekersWorkExperienceTest" time="7.655">
    <system-out><![CDATA[Logged in successfully
My Profile page is loaded.
Logged in successfully
My Profile page is loaded.
Logged in successfully
My Profile page is loaded.
]]></system-out>
    <system-err><![CDATA[SLF4J: Failed to load class "org.slf4j.impl.StaticLoggerBinder".
SLF4J: Defaulting to no-operation (NOP) logger implementation
SLF4J: See http://www.slf4j.org/codes.html#StaticLoggerBinder for further details.
SStartitnSgat arCrthtriionnmgge DC hrCrihovrmeoermD er1Di1rv2ie.vr0e .r5161125. .0.459 6(115b.d24a12.0.5615.49 (bd2a7bcb881c11e8cfe3078709382934e3916914-refs/branch-heads/5615@{#7bcb89891c113 e86cfe307870938}2934e3916914-refs/branch-heads/5615@{#936(})b d2oan7 bpcbo)8rt8 12c 4131e9o88c
fOne3ln07y8 7 l0o93c8ap2l9 c34oonen3e91c6tr9i1on4s -raterfes  /a5blr5lao6nw3ce
hdO-.nh
lePyal delsa/so5ec6 a1sl5e @ec{ o#n9n3e6c}t)i oonnhs  paorrtet  a3l3tl0o0w6e
pdO.n
lPysl elaoscea ls: eceo nhntetcptsi:o//chr/omnse ar/e adchrlorimevderr.iclvherroom.wiceuhdrm.o.
moPirlugem/a.ssoeerc gus/resieet cyhu-rciotnyts-icdoenrsatitideonrpsa tfioorn sss ufgogr e:ssutigog/nesst io/on nks ecoen kheepprinig oChnrmomgeDeri vderC srafhei.
ver.chromium.orrg/seocuritmy-coensideDratriiovnesr  fsaofre .s
uggestions on keeping ChromeDriver safe.
CChrChormomeDerDrihvievre r wwas strarted successfully.
oamesDr isvtearr wtaesd  sstuacrcteesds fsuulclcye.s
sfully.
May 06, 2023 2:23:07 PM org.openqa.selenium.devtools.CdpVersionFinder findNearestMatch
WARNING: Unable to find an exact match for CDP version 112, so returning the closest version found: 110
May 06, 2023 2:23:07 PM org.openqa.selenium.devtools.CdpVersionFinder findNearestMatch
WARNING: Unable to find an exact match for CDP version 112, so returning the closest version found: 110
May 06, 2023 2:23:07 PM org.openqa.selenium.devtools.CdpVersionFinder findNearestMatch
WARNING: Unable to find an exact match for CDP version 112, so returning the closest version found: 110
]]></system-err>
  </testcase>
  <testcase name="profile" classname="Jobseekers.JobseekersWorkExperienceTest" time="7.792"/>
  <testcase name="profile" classname="Jobseekers.JobseekersWorkExperienceTest" time="7.876"/>
</testsuite>