<?xml version="1.0" encoding="UTF-8"?>
<testng-results total="3" passed="3" failed="0" skipped="0">
  <reporter-output>
  </reporter-output>
  <suite started-at="2023-05-06T13:23:00Z" name="All Test Suite" finished-at="2023-05-06T13:23:18Z" duration-ms="17961">
    <groups>
    </groups>
    <test started-at="2023-05-06T13:23:00Z" name="Edge" finished-at="2023-05-06T13:23:17Z" duration-ms="17743">
      <class name="Jobseekers.JobseekersWorkExperienceTest">
        <test-method is-config="true" signature="InitializeDriver()[pri:0, instance:Jobseekers.JobseekersWorkExperienceTest@4e50c791]" started-at="2023-05-06T14:23:00Z" name="InitializeDriver" finished-at="2023-05-06T14:23:09Z" duration-ms="9829" status="PASS">
          <reporter-output>
          </reporter-output>
        </test-method> <!-- InitializeDriver -->
        <test-method signature="profile()[pri:0, instance:Jobseekers.JobseekersWorkExperienceTest@4e50c791]" started-at="2023-05-06T14:23:09Z" name="profile" description="JobSeeker&#039;s Work Experience in Profile" finished-at="2023-05-06T14:23:17Z" duration-ms="7795" status="PASS">
          <reporter-output>
          </reporter-output>
        </test-method> <!-- profile -->
        <test-method is-config="true" signature="TearDown()[pri:0, instance:Jobseekers.JobseekersWorkExperienceTest@4e50c791]" started-at="2023-05-06T14:23:17Z" name="TearDown" finished-at="2023-05-06T14:23:17Z" duration-ms="114" status="PASS">
          <reporter-output>
          </reporter-output>
        </test-method> <!-- TearDown -->
      </class> <!-- Jobseekers.JobseekersWorkExperienceTest -->
    </test> <!-- Edge -->
    <test started-at="2023-05-06T13:23:00Z" name="Firefox" finished-at="2023-05-06T13:23:17Z" duration-ms="17877">
      <class name="Jobseekers.JobseekersWorkExperienceTest">
        <test-method is-config="true" signature="InitializeDriver()[pri:0, instance:Jobseekers.JobseekersWorkExperienceTest@13b6aecc]" started-at="2023-05-06T14:23:00Z" name="InitializeDriver" finished-at="2023-05-06T14:23:09Z" duration-ms="9907" status="PASS">
          <reporter-output>
          </reporter-output>
        </test-method> <!-- InitializeDriver -->
        <test-method signature="profile()[pri:0, instance:Jobseekers.JobseekersWorkExperienceTest@13b6aecc]" started-at="2023-05-06T14:23:09Z" name="profile" description="JobSeeker&#039;s Work Experience in Profile" finished-at="2023-05-06T14:23:17Z" duration-ms="7859" status="PASS">
          <reporter-output>
          </reporter-output>
        </test-method> <!-- profile -->
        <test-method is-config="true" signature="TearDown()[pri:0, instance:Jobseekers.JobseekersWorkExperienceTest@13b6aecc]" started-at="2023-05-06T14:23:17Z" name="TearDown" finished-at="2023-05-06T14:23:17Z" duration-ms="106" status="PASS">
          <reporter-output>
          </reporter-output>
        </test-method> <!-- TearDown -->
      </class> <!-- Jobseekers.JobseekersWorkExperienceTest -->
    </test> <!-- Firefox -->
    <test started-at="2023-05-06T13:23:00Z" name="ChromeBrowser" finished-at="2023-05-06T13:23:18Z" duration-ms="17961">
      <class name="Jobseekers.JobseekersWorkExperienceTest">
        <test-method is-config="true" signature="InitializeDriver()[pri:0, instance:Jobseekers.JobseekersWorkExperienceTest@2aceadd4]" started-at="2023-05-06T14:23:00Z" name="InitializeDriver" finished-at="2023-05-06T14:23:10Z" duration-ms="9973" status="PASS">
          <reporter-output>
          </reporter-output>
        </test-method> <!-- InitializeDriver -->
        <test-method signature="profile()[pri:0, instance:Jobseekers.JobseekersWorkExperienceTest@2aceadd4]" started-at="2023-05-06T14:23:10Z" name="profile" description="JobSeeker&#039;s Work Experience in Profile" finished-at="2023-05-06T14:23:17Z" duration-ms="7876" status="PASS">
          <reporter-output>
          </reporter-output>
        </test-method> <!-- profile -->
        <test-method is-config="true" signature="TearDown()[pri:0, instance:Jobseekers.JobseekersWorkExperienceTest@2aceadd4]" started-at="2023-05-06T14:23:17Z" name="TearDown" finished-at="2023-05-06T14:23:18Z" duration-ms="108" status="PASS">
          <reporter-output>
          </reporter-output>
        </test-method> <!-- TearDown -->
      </class> <!-- Jobseekers.JobseekersWorkExperienceTest -->
    </test> <!-- ChromeBrowser -->
  </suite> <!-- All Test Suite -->
</testng-results>
