<?xml version="1.0" encoding="UTF-8"?>
<!-- Generated by org.testng.reporters.JUnitXMLReporter -->
<testsuite ignored="0" hostname="hp" failures="1" tests="1" name="Cucumber" time="12.177" errors="0" timestamp="2023-04-18T22:07:35 BST">
  <testcase classname="io.cucumber.testng.AbstractTestNGCucumberTests" name="runScenario" time="9.05">
    <failure type="java.lang.AssertionError" message="expected [true] but found [false]">
      <![CDATA[java.lang.AssertionError: expected [true] but found [false]
at com.ita.stepDefinitions.ViewCvs.theUserNavigatesToTheWorkExperienceTab(ViewCvs.java:52)
at ✽.the user navigates to the Work Experience tab(file:///D:/Training/Batch2_Oct_2022/12032003/October2022Batch/src/test/java/com/ita/features/ViewCVs.feature:5)
... Removed 4 stack frames]]>
    </failure>
  </testcase> <!-- runScenario -->
</testsuite> <!-- Cucumber -->
