<?xml version="1.0" encoding="UTF-8"?>
<!-- Generated by org.testng.reporters.JUnitXMLReporter -->
<testsuite ignored="0" hostname="Ravibabus-MacBook-Air.local" failures="0" tests="3" name="Regression" time="41.391" errors="0" timestamp="2024-03-14T22:06:49 GMT">
  <testcase classname="com.ita.tests.JobSeekersExtentReportTestNG" name="Testcase1" time="0.029"/>
  <testcase classname="com.ita.tests.JobSeekersExtentReportTestNG" name="Testcase2" time="0.004"/>
  <testcase classname="com.ita.tests.JobSeekersExtentReportTestNG" name="verifyJObSeekers" time="7.528"/>
</testsuite> <!-- Regression -->
