<?xml version="1.0" encoding="UTF-8"?>
<!-- Generated by org.testng.reporters.JUnitXMLReporter -->
<testsuite ignored="0" hostname="Ravibabus-MacBook-Air.local" failures="0" tests="3" name="Regression" time="30.631" errors="0" timestamp="2024-02-14T22:35:58 GMT">
  <testcase classname="com.ita.tests.JobSeekersExtentReportTestNG" name="Testcase1" time="0.004"/>
  <testcase classname="com.ita.tests.JobSeekersExtentReportTestNG" name="Testcase2" time="0.001"/>
  <testcase classname="com.ita.tests.JobSeekersExtentReportTestNG" name="verifyJObSeekers" time="6.036"/>
</testsuite> <!-- Regression -->
